<?xml version="1.0" encoding="UTF-8"?>
<!-- Generated by org.testng.reporters.JUnitReportReporter -->
<testsuite hostname="MusaKalim" failures="0" tests="1" name="luma.ny.myrunner.TestRunner" time="6.670" errors="0" timestamp="21 Jun 2023 03:28:32 GMT" skipped="0">
  <testcase classname="luma.ny.myrunner.TestRunner" name="runScenario" time="6.670"/>
</testsuite> <!-- luma.ny.myrunner.TestRunner -->
